INFO:     Started server process [13520]
INFO:     Waiting for application startup.
INFO:     Application startup complete.
INFO:     Uvicorn running on http://0.0.0.0:8001 (Press CTRL+C to quit)
forrtl: error (200): program aborting due to window-CLOSE event
Image              PC                Routine            Line        Source             
KERNELBASE.dll     00007FFCED569DED  Unknown               Unknown  Unknown
KERNEL32.DLL       00007FFCEF0CE8D7  Unknown               Unknown  Unknown
ntdll.dll          00007FFCEFB8C48C  Unknown               Unknown  Unknown
forrtl: error (200): program aborting due to window-CLOSE event
Image              PC                Routine            Line        Source             
KERNELBASE.dll     00007FFCED569DED  Unknown               Unknown  Unknown
KERNEL32.DLL       00007FFCEF0CE8D7  Unknown               Unknown  Unknown
ntdll.dll          00007FFCEFB8C48C  Unknown               Unknown  Unknown
INFO:     Started server process [8380]
INFO:     Waiting for application startup.
INFO:     Application startup complete.
INFO:     Uvicorn running on http://0.0.0.0:8001 (Press CTRL+C to quit)
Installing Q/A grading Python dependencies...
Installing Q/A grading Python dependencies...
Requirement already satisfied: pip in .\.venv\Lib\site-packages (26.0.1)
Requirement already satisfied: requests>=2.31.0 in .\.venv\Lib\site-packages (from -r requirements.txt (line 2)) (2.32.5)
Requirement already satisfied: python-dotenv>=1.0.1 in .\.venv\Lib\site-packages (from -r requirements.txt (line 3)) (1.2.2)
Requirement already satisfied: fastapi>=0.111.0 in .\.venv\Lib\site-packages (from -r requirements.txt (line 6)) (0.135.2)
Requirement already satisfied: uvicorn>=0.30.0 in .\.venv\Lib\site-packages (from -r requirements.txt (line 7)) (0.42.0)
Requirement already satisfied: pydantic>=2.0.0 in .\.venv\Lib\site-packages (from -r requirements.txt (line 8)) (2.12.5)
Requirement already satisfied: python-multipart>=0.0.6 in .\.venv\Lib\site-packages (from -r requirements.txt (line 9)) (0.0.22)
Requirement already satisfied: numpy>=1.26.0 in .\.venv\Lib\site-packages (from -r requirements.txt (line 12)) (2.4.3)
Requirement already satisfied: sentence-transformers>=3.0.0 in .\.venv\Lib\site-packages (from -r requirements.txt (line 13)) (5.3.0)
Requirement already satisfied: Pillow>=10.0.0 in .\.venv\Lib\site-packages (from -r requirements.txt (line 14)) (12.1.1)
Requirement already satisfied: PyMuPDF>=1.24.0 in .\.venv\Lib\site-packages (from -r requirements.txt (line 17)) (1.27.2.2)
Requirement already satisfied: azure-ai-formrecognizer>=3.3.3 in .\.venv\Lib\site-packages (from -r requirements.txt (line 20)) (3.3.3)
Requirement already satisfied: charset_normalizer<4,>=2 in .\.venv\Lib\site-packages (from requests>=2.31.0->-r requirements.txt (line 2)) (3.4.6)
Requirement already satisfied: idna<4,>=2.5 in .\.venv\Lib\site-packages (from requests>=2.31.0->-r requirements.txt (line 2)) (3.11)
Requirement already satisfied: urllib3<3,>=1.21.1 in .\.venv\Lib\site-packages (from requests>=2.31.0->-r requirements.txt (line 2)) (2.6.3)
Requirement already satisfied: certifi>=2017.4.17 in .\.venv\Lib\site-packages (from requests>=2.31.0->-r requirements.txt (line 2)) (2026.2.25)
Requirement already satisfied: starlette>=0.46.0 in .\.venv\Lib\site-packages (from fastapi>=0.111.0->-r requirements.txt (line 6)) (1.0.0)
Requirement already satisfied: typing-extensions>=4.8.0 in .\.venv\Lib\site-packages (from fastapi>=0.111.0->-r requirements.txt (line 6)) (4.15.0)
Requirement already satisfied: typing-inspection>=0.4.2 in .\.venv\Lib\site-packages (from fastapi>=0.111.0->-r requirements.txt (line 6)) (0.4.2)
Requirement already satisfied: annotated-doc>=0.0.2 in .\.venv\Lib\site-packages (from fastapi>=0.111.0->-r requirements.txt (line 6)) (0.0.4)
Requirement already satisfied: click>=7.0 in .\.venv\Lib\site-packages (from uvicorn>=0.30.0->-r requirements.txt (line 7)) (8.3.1)
Requirement already satisfied: h11>=0.8 in .\.venv\Lib\site-packages (from uvicorn>=0.30.0->-r requirements.txt (line 7)) (0.16.0)
Requirement already satisfied: annotated-types>=0.6.0 in .\.venv\Lib\site-packages (from pydantic>=2.0.0->-r requirements.txt (line 8)) (0.7.0)
Requirement already satisfied: pydantic-core==2.41.5 in .\.venv\Lib\site-packages (from pydantic>=2.0.0->-r requirements.txt (line 8)) (2.41.5)
Requirement already satisfied: transformers<6.0.0,>=4.41.0 in .\.venv\Lib\site-packages (from sentence-transformers>=3.0.0->-r requirements.txt (line 13)) (5.3.0)
Requirement already satisfied: huggingface-hub>=0.20.0 in .\.venv\Lib\site-packages (from sentence-transformers>=3.0.0->-r requirements.txt (line 13)) (1.7.2)
Requirement already satisfied: torch>=1.11.0 in .\.venv\Lib\site-packages (from sentence-transformers>=3.0.0->-r requirements.txt (line 13)) (2.11.0)
Requirement already satisfied: scikit-learn in .\.venv\Lib\site-packages (from sentence-transformers>=3.0.0->-r requirements.txt (line 13)) (1.8.0)
Requirement already satisfied: scipy in .\.venv\Lib\site-packages (from sentence-transformers>=3.0.0->-r requirements.txt (line 13)) (1.17.1)
Requirement already satisfied: tqdm in .\.venv\Lib\site-packages (from sentence-transformers>=3.0.0->-r requirements.txt (line 13)) (4.67.3)
Requirement already satisfied: packaging>=20.0 in .\.venv\Lib\site-packages (from transformers<6.0.0,>=4.41.0->sentence-transformers>=3.0.0->-r requirements.txt (line 13)) (26.0)
Requirement already satisfied: pyyaml>=5.1 in .\.venv\Lib\site-packages (from transformers<6.0.0,>=4.41.0->sentence-transformers>=3.0.0->-r requirements.txt (line 13)) (6.0.3)
Requirement already satisfied: regex!=2019.12.17 in .\.venv\Lib\site-packages (from transformers<6.0.0,>=4.41.0->sentence-transformers>=3.0.0->-r requirements.txt (line 13)) (2026.2.28)
Requirement already satisfied: tokenizers<=0.23.0,>=0.22.0 in .\.venv\Lib\site-packages (from transformers<6.0.0,>=4.41.0->sentence-transformers>=3.0.0->-r requirements.txt (line 13)) (0.22.2)
Requirement already satisfied: typer in .\.venv\Lib\site-packages (from transformers<6.0.0,>=4.41.0->sentence-transformers>=3.0.0->-r requirements.txt (line 13)) (0.24.1)
Requirement already satisfied: safetensors>=0.4.3 in .\.venv\Lib\site-packages (from transformers<6.0.0,>=4.41.0->sentence-transformers>=3.0.0->-r requirements.txt (line 13)) (0.7.0)
Requirement already satisfied: filelock>=3.10.0 in .\.venv\Lib\site-packages (from huggingface-hub>=0.20.0->sentence-transformers>=3.0.0->-r requirements.txt (line 13)) (3.25.2)
Requirement already satisfied: fsspec>=2023.5.0 in .\.venv\Lib\site-packages (from huggingface-hub>=0.20.0->sentence-transformers>=3.0.0->-r requirements.txt (line 13)) (2026.2.0)
Requirement already satisfied: hf-xet<2.0.0,>=1.4.2 in .\.venv\Lib\site-packages (from huggingface-hub>=0.20.0->sentence-transformers>=3.0.0->-r requirements.txt (line 13)) (1.4.2)
Requirement already satisfied: httpx<1,>=0.23.0 in .\.venv\Lib\site-packages (from huggingface-hub>=0.20.0->sentence-transformers>=3.0.0->-r requirements.txt (line 13)) (0.28.1)
Requirement already satisfied: anyio in .\.venv\Lib\site-packages (from httpx<1,>=0.23.0->huggingface-hub>=0.20.0->sentence-transformers>=3.0.0->-r requirements.txt (line 13)) (4.13.0)
Requirement already satisfied: httpcore==1.* in .\.venv\Lib\site-packages (from httpx<1,>=0.23.0->huggingface-hub>=0.20.0->sentence-transformers>=3.0.0->-r requirements.txt (line 13)) (1.0.9)
Requirement already satisfied: azure-core>=1.23.0 in .\.venv\Lib\site-packages (from azure-ai-formrecognizer>=3.3.3->-r requirements.txt (line 20)) (1.39.0)
Requirement already satisfied: msrest>=0.6.21 in .\.venv\Lib\site-packages (from azure-ai-formrecognizer>=3.3.3->-r requirements.txt (line 20)) (0.7.1)
Requirement already satisfied: azure-common>=1.1 in .\.venv\Lib\site-packages (from azure-ai-formrecognizer>=3.3.3->-r requirements.txt (line 20)) (1.1.28)
Requirement already satisfied: colorama in .\.venv\Lib\site-packages (from click>=7.0->uvicorn>=0.30.0->-r requirements.txt (line 7)) (0.4.6)
Requirement already satisfied: isodate>=0.6.0 in .\.venv\Lib\site-packages (from msrest>=0.6.21->azure-ai-formrecognizer>=3.3.3->-r requirements.txt (line 20)) (0.7.2)
Requirement already satisfied: requests-oauthlib>=0.5.0 in .\.venv\Lib\site-packages (from msrest>=0.6.21->azure-ai-formrecognizer>=3.3.3->-r requirements.txt (line 20)) (2.0.0)
Requirement already satisfied: oauthlib>=3.0.0 in .\.venv\Lib\site-packages (from requests-oauthlib>=0.5.0->msrest>=0.6.21->azure-ai-formrecognizer>=3.3.3->-r requirements.txt (line 20)) (3.3.1)
Requirement already satisfied: setuptools<82 in .\.venv\Lib\site-packages (from torch>=1.11.0->sentence-transformers>=3.0.0->-r requirements.txt (line 13)) (81.0.0)
Requirement already satisfied: sympy>=1.13.3 in .\.venv\Lib\site-packages (from torch>=1.11.0->sentence-transformers>=3.0.0->-r requirements.txt (line 13)) (1.14.0)
Requirement already satisfied: networkx>=2.5.1 in .\.venv\Lib\site-packages (from torch>=1.11.0->sentence-transformers>=3.0.0->-r requirements.txt (line 13)) (3.6.1)
Requirement already satisfied: jinja2 in .\.venv\Lib\site-packages (from torch>=1.11.0->sentence-transformers>=3.0.0->-r requirements.txt (line 13)) (3.1.6)
Requirement already satisfied: mpmath<1.4,>=1.1.0 in .\.venv\Lib\site-packages (from sympy>=1.13.3->torch>=1.11.0->sentence-transformers>=3.0.0->-r requirements.txt (line 13)) (1.3.0)
Requirement already satisfied: MarkupSafe>=2.0 in .\.venv\Lib\site-packages (from jinja2->torch>=1.11.0->sentence-transformers>=3.0.0->-r requirements.txt (line 13)) (3.0.3)
Requirement already satisfied: joblib>=1.3.0 in .\.venv\Lib\site-packages (from scikit-learn->sentence-transformers>=3.0.0->-r requirements.txt (line 13)) (1.5.3)
Requirement already satisfied: threadpoolctl>=3.2.0 in .\.venv\Lib\site-packages (from scikit-learn->sentence-transformers>=3.0.0->-r requirements.txt (line 13)) (3.6.0)
Requirement already satisfied: shellingham>=1.3.0 in .\.venv\Lib\site-packages (from typer->transformers<6.0.0,>=4.41.0->sentence-transformers>=3.0.0->-r requirements.txt (line 13)) (1.5.4)
Requirement already satisfied: rich>=12.3.0 in .\.venv\Lib\site-packages (from typer->transformers<6.0.0,>=4.41.0->sentence-transformers>=3.0.0->-r requirements.txt (line 13)) (14.3.3)
Requirement already satisfied: markdown-it-py>=2.2.0 in .\.venv\Lib\site-packages (from rich>=12.3.0->typer->transformers<6.0.0,>=4.41.0->sentence-transformers>=3.0.0->-r requirements.txt (line 13)) (4.0.0)
Requirement already satisfied: pygments<3.0.0,>=2.13.0 in .\.venv\Lib\site-packages (from rich>=12.3.0->typer->transformers<6.0.0,>=4.41.0->sentence-transformers>=3.0.0->-r requirements.txt (line 13)) (2.19.2)
Requirement already satisfied: mdurl~=0.1 in .\.venv\Lib\site-packages (from markdown-it-py>=2.2.0->rich>=12.3.0->typer->transformers<6.0.0,>=4.41.0->sentence-transformers>=3.0.0->-r requirements.txt (line 13)) (0.1.2)
Starting Q/A grading service on port 8001...
Installing Q/A grading Python dependencies...
Requirement already satisfied: pip in .\.venv\Lib\site-packages (26.0.1)
Installing Q/A grading Python dependencies...
Requirement already satisfied: pip in .\.venv\Lib\site-packages (26.0.1)
Installing Q/A grading Python dependencies...
Requirement already satisfied: pip in .\.venv\Lib\site-packages (26.0.1)
Requirement already satisfied: requests>=2.31.0 in .\.venv\Lib\site-packages (from -r requirements.txt (line 2)) (2.32.5)
Requirement already satisfied: python-dotenv>=1.0.1 in .\.venv\Lib\site-packages (from -r requirements.txt (line 3)) (1.2.2)
Requirement already satisfied: fastapi>=0.111.0 in .\.venv\Lib\site-packages (from -r requirements.txt (line 6)) (0.135.2)
Requirement already satisfied: uvicorn>=0.30.0 in .\.venv\Lib\site-packages (from -r requirements.txt (line 7)) (0.42.0)
Requirement already satisfied: pydantic>=2.0.0 in .\.venv\Lib\site-packages (from -r requirements.txt (line 8)) (2.12.5)
Requirement already satisfied: python-multipart>=0.0.6 in .\.venv\Lib\site-packages (from -r requirements.txt (line 9)) (0.0.22)
Requirement already satisfied: numpy>=1.26.0 in .\.venv\Lib\site-packages (from -r requirements.txt (line 12)) (2.4.3)
Requirement already satisfied: sentence-transformers>=3.0.0 in .\.venv\Lib\site-packages (from -r requirements.txt (line 13)) (5.3.0)
Requirement already satisfied: Pillow>=10.0.0 in .\.venv\Lib\site-packages (from -r requirements.txt (line 14)) (12.1.1)
Requirement already satisfied: PyMuPDF>=1.24.0 in .\.venv\Lib\site-packages (from -r requirements.txt (line 17)) (1.27.2.2)
Requirement already satisfied: azure-ai-formrecognizer>=3.3.3 in .\.venv\Lib\site-packages (from -r requirements.txt (line 20)) (3.3.3)
Requirement already satisfied: charset_normalizer<4,>=2 in .\.venv\Lib\site-packages (from requests>=2.31.0->-r requirements.txt (line 2)) (3.4.6)
Requirement already satisfied: idna<4,>=2.5 in .\.venv\Lib\site-packages (from requests>=2.31.0->-r requirements.txt (line 2)) (3.11)
Requirement already satisfied: urllib3<3,>=1.21.1 in .\.venv\Lib\site-packages (from requests>=2.31.0->-r requirements.txt (line 2)) (2.6.3)
Requirement already satisfied: certifi>=2017.4.17 in .\.venv\Lib\site-packages (from requests>=2.31.0->-r requirements.txt (line 2)) (2026.2.25)
Requirement already satisfied: starlette>=0.46.0 in .\.venv\Lib\site-packages (from fastapi>=0.111.0->-r requirements.txt (line 6)) (1.0.0)
Requirement already satisfied: typing-extensions>=4.8.0 in .\.venv\Lib\site-packages (from fastapi>=0.111.0->-r requirements.txt (line 6)) (4.15.0)
Requirement already satisfied: typing-inspection>=0.4.2 in .\.venv\Lib\site-packages (from fastapi>=0.111.0->-r requirements.txt (line 6)) (0.4.2)
Requirement already satisfied: annotated-doc>=0.0.2 in .\.venv\Lib\site-packages (from fastapi>=0.111.0->-r requirements.txt (line 6)) (0.0.4)
Requirement already satisfied: click>=7.0 in .\.venv\Lib\site-packages (from uvicorn>=0.30.0->-r requirements.txt (line 7)) (8.3.1)
Requirement already satisfied: h11>=0.8 in .\.venv\Lib\site-packages (from uvicorn>=0.30.0->-r requirements.txt (line 7)) (0.16.0)
Requirement already satisfied: annotated-types>=0.6.0 in .\.venv\Lib\site-packages (from pydantic>=2.0.0->-r requirements.txt (line 8)) (0.7.0)
Requirement already satisfied: pydantic-core==2.41.5 in .\.venv\Lib\site-packages (from pydantic>=2.0.0->-r requirements.txt (line 8)) (2.41.5)
Requirement already satisfied: transformers<6.0.0,>=4.41.0 in .\.venv\Lib\site-packages (from sentence-transformers>=3.0.0->-r requirements.txt (line 13)) (5.3.0)
Requirement already satisfied: huggingface-hub>=0.20.0 in .\.venv\Lib\site-packages (from sentence-transformers>=3.0.0->-r requirements.txt (line 13)) (1.7.2)
Requirement already satisfied: torch>=1.11.0 in .\.venv\Lib\site-packages (from sentence-transformers>=3.0.0->-r requirements.txt (line 13)) (2.11.0)
Requirement already satisfied: scikit-learn in .\.venv\Lib\site-packages (from sentence-transformers>=3.0.0->-r requirements.txt (line 13)) (1.8.0)
Requirement already satisfied: scipy in .\.venv\Lib\site-packages (from sentence-transformers>=3.0.0->-r requirements.txt (line 13)) (1.17.1)
Requirement already satisfied: tqdm in .\.venv\Lib\site-packages (from sentence-transformers>=3.0.0->-r requirements.txt (line 13)) (4.67.3)
Requirement already satisfied: packaging>=20.0 in .\.venv\Lib\site-packages (from transformers<6.0.0,>=4.41.0->sentence-transformers>=3.0.0->-r requirements.txt (line 13)) (26.0)
Requirement already satisfied: pyyaml>=5.1 in .\.venv\Lib\site-packages (from transformers<6.0.0,>=4.41.0->sentence-transformers>=3.0.0->-r requirements.txt (line 13)) (6.0.3)
Requirement already satisfied: regex!=2019.12.17 in .\.venv\Lib\site-packages (from transformers<6.0.0,>=4.41.0->sentence-transformers>=3.0.0->-r requirements.txt (line 13)) (2026.2.28)
Requirement already satisfied: tokenizers<=0.23.0,>=0.22.0 in .\.venv\Lib\site-packages (from transformers<6.0.0,>=4.41.0->sentence-transformers>=3.0.0->-r requirements.txt (line 13)) (0.22.2)
Requirement already satisfied: typer in .\.venv\Lib\site-packages (from transformers<6.0.0,>=4.41.0->sentence-transformers>=3.0.0->-r requirements.txt (line 13)) (0.24.1)
Requirement already satisfied: safetensors>=0.4.3 in .\.venv\Lib\site-packages (from transformers<6.0.0,>=4.41.0->sentence-transformers>=3.0.0->-r requirements.txt (line 13)) (0.7.0)
Requirement already satisfied: filelock>=3.10.0 in .\.venv\Lib\site-packages (from huggingface-hub>=0.20.0->sentence-transformers>=3.0.0->-r requirements.txt (line 13)) (3.25.2)
Requirement already satisfied: fsspec>=2023.5.0 in .\.venv\Lib\site-packages (from huggingface-hub>=0.20.0->sentence-transformers>=3.0.0->-r requirements.txt (line 13)) (2026.2.0)
Requirement already satisfied: hf-xet<2.0.0,>=1.4.2 in .\.venv\Lib\site-packages (from huggingface-hub>=0.20.0->sentence-transformers>=3.0.0->-r requirements.txt (line 13)) (1.4.2)
Requirement already satisfied: httpx<1,>=0.23.0 in .\.venv\Lib\site-packages (from huggingface-hub>=0.20.0->sentence-transformers>=3.0.0->-r requirements.txt (line 13)) (0.28.1)
Requirement already satisfied: anyio in .\.venv\Lib\site-packages (from httpx<1,>=0.23.0->huggingface-hub>=0.20.0->sentence-transformers>=3.0.0->-r requirements.txt (line 13)) (4.13.0)
Requirement already satisfied: httpcore==1.* in .\.venv\Lib\site-packages (from httpx<1,>=0.23.0->huggingface-hub>=0.20.0->sentence-transformers>=3.0.0->-r requirements.txt (line 13)) (1.0.9)
Requirement already satisfied: azure-core>=1.23.0 in .\.venv\Lib\site-packages (from azure-ai-formrecognizer>=3.3.3->-r requirements.txt (line 20)) (1.39.0)
Requirement already satisfied: msrest>=0.6.21 in .\.venv\Lib\site-packages (from azure-ai-formrecognizer>=3.3.3->-r requirements.txt (line 20)) (0.7.1)
Requirement already satisfied: azure-common>=1.1 in .\.venv\Lib\site-packages (from azure-ai-formrecognizer>=3.3.3->-r requirements.txt (line 20)) (1.1.28)
Requirement already satisfied: colorama in .\.venv\Lib\site-packages (from click>=7.0->uvicorn>=0.30.0->-r requirements.txt (line 7)) (0.4.6)
Requirement already satisfied: isodate>=0.6.0 in .\.venv\Lib\site-packages (from msrest>=0.6.21->azure-ai-formrecognizer>=3.3.3->-r requirements.txt (line 20)) (0.7.2)
Requirement already satisfied: requests-oauthlib>=0.5.0 in .\.venv\Lib\site-packages (from msrest>=0.6.21->azure-ai-formrecognizer>=3.3.3->-r requirements.txt (line 20)) (2.0.0)
Requirement already satisfied: oauthlib>=3.0.0 in .\.venv\Lib\site-packages (from requests-oauthlib>=0.5.0->msrest>=0.6.21->azure-ai-formrecognizer>=3.3.3->-r requirements.txt (line 20)) (3.3.1)
Requirement already satisfied: setuptools<82 in .\.venv\Lib\site-packages (from torch>=1.11.0->sentence-transformers>=3.0.0->-r requirements.txt (line 13)) (81.0.0)
Requirement already satisfied: sympy>=1.13.3 in .\.venv\Lib\site-packages (from torch>=1.11.0->sentence-transformers>=3.0.0->-r requirements.txt (line 13)) (1.14.0)
Requirement already satisfied: networkx>=2.5.1 in .\.venv\Lib\site-packages (from torch>=1.11.0->sentence-transformers>=3.0.0->-r requirements.txt (line 13)) (3.6.1)
Requirement already satisfied: jinja2 in .\.venv\Lib\site-packages (from torch>=1.11.0->sentence-transformers>=3.0.0->-r requirements.txt (line 13)) (3.1.6)
Requirement already satisfied: mpmath<1.4,>=1.1.0 in .\.venv\Lib\site-packages (from sympy>=1.13.3->torch>=1.11.0->sentence-transformers>=3.0.0->-r requirements.txt (line 13)) (1.3.0)
Requirement already satisfied: MarkupSafe>=2.0 in .\.venv\Lib\site-packages (from jinja2->torch>=1.11.0->sentence-transformers>=3.0.0->-r requirements.txt (line 13)) (3.0.3)
Requirement already satisfied: joblib>=1.3.0 in .\.venv\Lib\site-packages (from scikit-learn->sentence-transformers>=3.0.0->-r requirements.txt (line 13)) (1.5.3)
Requirement already satisfied: threadpoolctl>=3.2.0 in .\.venv\Lib\site-packages (from scikit-learn->sentence-transformers>=3.0.0->-r requirements.txt (line 13)) (3.6.0)
Requirement already satisfied: shellingham>=1.3.0 in .\.venv\Lib\site-packages (from typer->transformers<6.0.0,>=4.41.0->sentence-transformers>=3.0.0->-r requirements.txt (line 13)) (1.5.4)
Requirement already satisfied: rich>=12.3.0 in .\.venv\Lib\site-packages (from typer->transformers<6.0.0,>=4.41.0->sentence-transformers>=3.0.0->-r requirements.txt (line 13)) (14.3.3)
Requirement already satisfied: markdown-it-py>=2.2.0 in .\.venv\Lib\site-packages (from rich>=12.3.0->typer->transformers<6.0.0,>=4.41.0->sentence-transformers>=3.0.0->-r requirements.txt (line 13)) (4.0.0)
Requirement already satisfied: pygments<3.0.0,>=2.13.0 in .\.venv\Lib\site-packages (from rich>=12.3.0->typer->transformers<6.0.0,>=4.41.0->sentence-transformers>=3.0.0->-r requirements.txt (line 13)) (2.19.2)
Requirement already satisfied: mdurl~=0.1 in .\.venv\Lib\site-packages (from markdown-it-py>=2.2.0->rich>=12.3.0->typer->transformers<6.0.0,>=4.41.0->sentence-transformers>=3.0.0->-r requirements.txt (line 13)) (0.1.2)
Starting Q/A grading service on port 8001...
Installing Q/A grading Python dependencies...
Requirement already satisfied: pip in .\.venv\Lib\site-packages (26.0.1)
Requirement already satisfied: requests>=2.31.0 in .\.venv\Lib\site-packages (from -r requirements.txt (line 2)) (2.32.5)
Requirement already satisfied: python-dotenv>=1.0.1 in .\.venv\Lib\site-packages (from -r requirements.txt (line 3)) (1.2.2)
Requirement already satisfied: fastapi>=0.111.0 in .\.venv\Lib\site-packages (from -r requirements.txt (line 6)) (0.135.2)
Requirement already satisfied: uvicorn>=0.30.0 in .\.venv\Lib\site-packages (from -r requirements.txt (line 7)) (0.42.0)
Requirement already satisfied: pydantic>=2.0.0 in .\.venv\Lib\site-packages (from -r requirements.txt (line 8)) (2.12.5)
Requirement already satisfied: python-multipart>=0.0.6 in .\.venv\Lib\site-packages (from -r requirements.txt (line 9)) (0.0.22)
Requirement already satisfied: numpy>=1.26.0 in .\.venv\Lib\site-packages (from -r requirements.txt (line 12)) (2.4.3)
Requirement already satisfied: sentence-transformers>=3.0.0 in .\.venv\Lib\site-packages (from -r requirements.txt (line 13)) (5.3.0)
Requirement already satisfied: Pillow>=10.0.0 in .\.venv\Lib\site-packages (from -r requirements.txt (line 14)) (12.1.1)
Requirement already satisfied: PyMuPDF>=1.24.0 in .\.venv\Lib\site-packages (from -r requirements.txt (line 17)) (1.27.2.2)
Requirement already satisfied: azure-ai-formrecognizer>=3.3.3 in .\.venv\Lib\site-packages (from -r requirements.txt (line 20)) (3.3.3)
Requirement already satisfied: charset_normalizer<4,>=2 in .\.venv\Lib\site-packages (from requests>=2.31.0->-r requirements.txt (line 2)) (3.4.6)
Requirement already satisfied: idna<4,>=2.5 in .\.venv\Lib\site-packages (from requests>=2.31.0->-r requirements.txt (line 2)) (3.11)
Requirement already satisfied: urllib3<3,>=1.21.1 in .\.venv\Lib\site-packages (from requests>=2.31.0->-r requirements.txt (line 2)) (2.6.3)
Requirement already satisfied: certifi>=2017.4.17 in .\.venv\Lib\site-packages (from requests>=2.31.0->-r requirements.txt (line 2)) (2026.2.25)
Requirement already satisfied: starlette>=0.46.0 in .\.venv\Lib\site-packages (from fastapi>=0.111.0->-r requirements.txt (line 6)) (1.0.0)
Requirement already satisfied: typing-extensions>=4.8.0 in .\.venv\Lib\site-packages (from fastapi>=0.111.0->-r requirements.txt (line 6)) (4.15.0)
Requirement already satisfied: typing-inspection>=0.4.2 in .\.venv\Lib\site-packages (from fastapi>=0.111.0->-r requirements.txt (line 6)) (0.4.2)
Requirement already satisfied: annotated-doc>=0.0.2 in .\.venv\Lib\site-packages (from fastapi>=0.111.0->-r requirements.txt (line 6)) (0.0.4)
Requirement already satisfied: click>=7.0 in .\.venv\Lib\site-packages (from uvicorn>=0.30.0->-r requirements.txt (line 7)) (8.3.1)
Requirement already satisfied: h11>=0.8 in .\.venv\Lib\site-packages (from uvicorn>=0.30.0->-r requirements.txt (line 7)) (0.16.0)
Requirement already satisfied: annotated-types>=0.6.0 in .\.venv\Lib\site-packages (from pydantic>=2.0.0->-r requirements.txt (line 8)) (0.7.0)
Requirement already satisfied: pydantic-core==2.41.5 in .\.venv\Lib\site-packages (from pydantic>=2.0.0->-r requirements.txt (line 8)) (2.41.5)
Requirement already satisfied: transformers<6.0.0,>=4.41.0 in .\.venv\Lib\site-packages (from sentence-transformers>=3.0.0->-r requirements.txt (line 13)) (5.3.0)
Requirement already satisfied: huggingface-hub>=0.20.0 in .\.venv\Lib\site-packages (from sentence-transformers>=3.0.0->-r requirements.txt (line 13)) (1.7.2)
Requirement already satisfied: torch>=1.11.0 in .\.venv\Lib\site-packages (from sentence-transformers>=3.0.0->-r requirements.txt (line 13)) (2.11.0)
Requirement already satisfied: scikit-learn in .\.venv\Lib\site-packages (from sentence-transformers>=3.0.0->-r requirements.txt (line 13)) (1.8.0)
Requirement already satisfied: scipy in .\.venv\Lib\site-packages (from sentence-transformers>=3.0.0->-r requirements.txt (line 13)) (1.17.1)
Requirement already satisfied: tqdm in .\.venv\Lib\site-packages (from sentence-transformers>=3.0.0->-r requirements.txt (line 13)) (4.67.3)
Requirement already satisfied: packaging>=20.0 in .\.venv\Lib\site-packages (from transformers<6.0.0,>=4.41.0->sentence-transformers>=3.0.0->-r requirements.txt (line 13)) (26.0)
Requirement already satisfied: pyyaml>=5.1 in .\.venv\Lib\site-packages (from transformers<6.0.0,>=4.41.0->sentence-transformers>=3.0.0->-r requirements.txt (line 13)) (6.0.3)
Requirement already satisfied: regex!=2019.12.17 in .\.venv\Lib\site-packages (from transformers<6.0.0,>=4.41.0->sentence-transformers>=3.0.0->-r requirements.txt (line 13)) (2026.2.28)
Requirement already satisfied: tokenizers<=0.23.0,>=0.22.0 in .\.venv\Lib\site-packages (from transformers<6.0.0,>=4.41.0->sentence-transformers>=3.0.0->-r requirements.txt (line 13)) (0.22.2)
Requirement already satisfied: typer in .\.venv\Lib\site-packages (from transformers<6.0.0,>=4.41.0->sentence-transformers>=3.0.0->-r requirements.txt (line 13)) (0.24.1)
Requirement already satisfied: safetensors>=0.4.3 in .\.venv\Lib\site-packages (from transformers<6.0.0,>=4.41.0->sentence-transformers>=3.0.0->-r requirements.txt (line 13)) (0.7.0)
Requirement already satisfied: filelock>=3.10.0 in .\.venv\Lib\site-packages (from huggingface-hub>=0.20.0->sentence-transformers>=3.0.0->-r requirements.txt (line 13)) (3.25.2)
Requirement already satisfied: fsspec>=2023.5.0 in .\.venv\Lib\site-packages (from huggingface-hub>=0.20.0->sentence-transformers>=3.0.0->-r requirements.txt (line 13)) (2026.2.0)
Requirement already satisfied: hf-xet<2.0.0,>=1.4.2 in .\.venv\Lib\site-packages (from huggingface-hub>=0.20.0->sentence-transformers>=3.0.0->-r requirements.txt (line 13)) (1.4.2)
Requirement already satisfied: httpx<1,>=0.23.0 in .\.venv\Lib\site-packages (from huggingface-hub>=0.20.0->sentence-transformers>=3.0.0->-r requirements.txt (line 13)) (0.28.1)
Requirement already satisfied: anyio in .\.venv\Lib\site-packages (from httpx<1,>=0.23.0->huggingface-hub>=0.20.0->sentence-transformers>=3.0.0->-r requirements.txt (line 13)) (4.13.0)
Requirement already satisfied: httpcore==1.* in .\.venv\Lib\site-packages (from httpx<1,>=0.23.0->huggingface-hub>=0.20.0->sentence-transformers>=3.0.0->-r requirements.txt (line 13)) (1.0.9)
Requirement already satisfied: azure-core>=1.23.0 in .\.venv\Lib\site-packages (from azure-ai-formrecognizer>=3.3.3->-r requirements.txt (line 20)) (1.39.0)
Requirement already satisfied: msrest>=0.6.21 in .\.venv\Lib\site-packages (from azure-ai-formrecognizer>=3.3.3->-r requirements.txt (line 20)) (0.7.1)
Requirement already satisfied: azure-common>=1.1 in .\.venv\Lib\site-packages (from azure-ai-formrecognizer>=3.3.3->-r requirements.txt (line 20)) (1.1.28)
Requirement already satisfied: colorama in .\.venv\Lib\site-packages (from click>=7.0->uvicorn>=0.30.0->-r requirements.txt (line 7)) (0.4.6)
Requirement already satisfied: isodate>=0.6.0 in .\.venv\Lib\site-packages (from msrest>=0.6.21->azure-ai-formrecognizer>=3.3.3->-r requirements.txt (line 20)) (0.7.2)
Requirement already satisfied: requests-oauthlib>=0.5.0 in .\.venv\Lib\site-packages (from msrest>=0.6.21->azure-ai-formrecognizer>=3.3.3->-r requirements.txt (line 20)) (2.0.0)
Requirement already satisfied: oauthlib>=3.0.0 in .\.venv\Lib\site-packages (from requests-oauthlib>=0.5.0->msrest>=0.6.21->azure-ai-formrecognizer>=3.3.3->-r requirements.txt (line 20)) (3.3.1)
Requirement already satisfied: setuptools<82 in .\.venv\Lib\site-packages (from torch>=1.11.0->sentence-transformers>=3.0.0->-r requirements.txt (line 13)) (81.0.0)
Requirement already satisfied: sympy>=1.13.3 in .\.venv\Lib\site-packages (from torch>=1.11.0->sentence-transformers>=3.0.0->-r requirements.txt (line 13)) (1.14.0)
Requirement already satisfied: networkx>=2.5.1 in .\.venv\Lib\site-packages (from torch>=1.11.0->sentence-transformers>=3.0.0->-r requirements.txt (line 13)) (3.6.1)
Requirement already satisfied: jinja2 in .\.venv\Lib\site-packages (from torch>=1.11.0->sentence-transformers>=3.0.0->-r requirements.txt (line 13)) (3.1.6)
Requirement already satisfied: mpmath<1.4,>=1.1.0 in .\.venv\Lib\site-packages (from sympy>=1.13.3->torch>=1.11.0->sentence-transformers>=3.0.0->-r requirements.txt (line 13)) (1.3.0)
Requirement already satisfied: MarkupSafe>=2.0 in .\.venv\Lib\site-packages (from jinja2->torch>=1.11.0->sentence-transformers>=3.0.0->-r requirements.txt (line 13)) (3.0.3)
Requirement already satisfied: joblib>=1.3.0 in .\.venv\Lib\site-packages (from scikit-learn->sentence-transformers>=3.0.0->-r requirements.txt (line 13)) (1.5.3)
Requirement already satisfied: threadpoolctl>=3.2.0 in .\.venv\Lib\site-packages (from scikit-learn->sentence-transformers>=3.0.0->-r requirements.txt (line 13)) (3.6.0)
Requirement already satisfied: shellingham>=1.3.0 in .\.venv\Lib\site-packages (from typer->transformers<6.0.0,>=4.41.0->sentence-transformers>=3.0.0->-r requirements.txt (line 13)) (1.5.4)
Requirement already satisfied: rich>=12.3.0 in .\.venv\Lib\site-packages (from typer->transformers<6.0.0,>=4.41.0->sentence-transformers>=3.0.0->-r requirements.txt (line 13)) (14.3.3)
Requirement already satisfied: markdown-it-py>=2.2.0 in .\.venv\Lib\site-packages (from rich>=12.3.0->typer->transformers<6.0.0,>=4.41.0->sentence-transformers>=3.0.0->-r requirements.txt (line 13)) (4.0.0)
Requirement already satisfied: pygments<3.0.0,>=2.13.0 in .\.venv\Lib\site-packages (from rich>=12.3.0->typer->transformers<6.0.0,>=4.41.0->sentence-transformers>=3.0.0->-r requirements.txt (line 13)) (2.19.2)
Requirement already satisfied: mdurl~=0.1 in .\.venv\Lib\site-packages (from markdown-it-py>=2.2.0->rich>=12.3.0->typer->transformers<6.0.0,>=4.41.0->sentence-transformers>=3.0.0->-r requirements.txt (line 13)) (0.1.2)
Starting Q/A grading service on port 8001...
Installing Q/A grading Python dependencies...
Installing Q/A grading Python dependencies...
Requirement already satisfied: pip in .\.venv\Lib\site-packages (26.0.1)
Requirement already satisfied: requests>=2.31.0 in .\.venv\Lib\site-packages (from -r requirements.txt (line 2)) (2.32.5)
Requirement already satisfied: python-dotenv>=1.0.1 in .\.venv\Lib\site-packages (from -r requirements.txt (line 3)) (1.2.2)
Requirement already satisfied: fastapi>=0.111.0 in .\.venv\Lib\site-packages (from -r requirements.txt (line 6)) (0.135.2)
Requirement already satisfied: uvicorn>=0.30.0 in .\.venv\Lib\site-packages (from -r requirements.txt (line 7)) (0.42.0)
Requirement already satisfied: pydantic>=2.0.0 in .\.venv\Lib\site-packages (from -r requirements.txt (line 8)) (2.12.5)
Requirement already satisfied: python-multipart>=0.0.6 in .\.venv\Lib\site-packages (from -r requirements.txt (line 9)) (0.0.22)
Requirement already satisfied: numpy>=1.26.0 in .\.venv\Lib\site-packages (from -r requirements.txt (line 12)) (2.4.3)
Requirement already satisfied: sentence-transformers>=3.0.0 in .\.venv\Lib\site-packages (from -r requirements.txt (line 13)) (5.3.0)
Requirement already satisfied: Pillow>=10.0.0 in .\.venv\Lib\site-packages (from -r requirements.txt (line 14)) (12.1.1)
Requirement already satisfied: PyMuPDF>=1.24.0 in .\.venv\Lib\site-packages (from -r requirements.txt (line 17)) (1.27.2.2)
Requirement already satisfied: azure-ai-formrecognizer>=3.3.3 in .\.venv\Lib\site-packages (from -r requirements.txt (line 20)) (3.3.3)
Requirement already satisfied: charset_normalizer<4,>=2 in .\.venv\Lib\site-packages (from requests>=2.31.0->-r requirements.txt (line 2)) (3.4.6)
Requirement already satisfied: idna<4,>=2.5 in .\.venv\Lib\site-packages (from requests>=2.31.0->-r requirements.txt (line 2)) (3.11)
Requirement already satisfied: urllib3<3,>=1.21.1 in .\.venv\Lib\site-packages (from requests>=2.31.0->-r requirements.txt (line 2)) (2.6.3)
Requirement already satisfied: certifi>=2017.4.17 in .\.venv\Lib\site-packages (from requests>=2.31.0->-r requirements.txt (line 2)) (2026.2.25)
Requirement already satisfied: starlette>=0.46.0 in .\.venv\Lib\site-packages (from fastapi>=0.111.0->-r requirements.txt (line 6)) (1.0.0)
Requirement already satisfied: typing-extensions>=4.8.0 in .\.venv\Lib\site-packages (from fastapi>=0.111.0->-r requirements.txt (line 6)) (4.15.0)
Requirement already satisfied: typing-inspection>=0.4.2 in .\.venv\Lib\site-packages (from fastapi>=0.111.0->-r requirements.txt (line 6)) (0.4.2)
Requirement already satisfied: annotated-doc>=0.0.2 in .\.venv\Lib\site-packages (from fastapi>=0.111.0->-r requirements.txt (line 6)) (0.0.4)
Requirement already satisfied: click>=7.0 in .\.venv\Lib\site-packages (from uvicorn>=0.30.0->-r requirements.txt (line 7)) (8.3.1)
Requirement already satisfied: h11>=0.8 in .\.venv\Lib\site-packages (from uvicorn>=0.30.0->-r requirements.txt (line 7)) (0.16.0)
Requirement already satisfied: annotated-types>=0.6.0 in .\.venv\Lib\site-packages (from pydantic>=2.0.0->-r requirements.txt (line 8)) (0.7.0)
Requirement already satisfied: pydantic-core==2.41.5 in .\.venv\Lib\site-packages (from pydantic>=2.0.0->-r requirements.txt (line 8)) (2.41.5)
Requirement already satisfied: transformers<6.0.0,>=4.41.0 in .\.venv\Lib\site-packages (from sentence-transformers>=3.0.0->-r requirements.txt (line 13)) (5.3.0)
Requirement already satisfied: huggingface-hub>=0.20.0 in .\.venv\Lib\site-packages (from sentence-transformers>=3.0.0->-r requirements.txt (line 13)) (1.7.2)
Requirement already satisfied: torch>=1.11.0 in .\.venv\Lib\site-packages (from sentence-transformers>=3.0.0->-r requirements.txt (line 13)) (2.11.0)
Requirement already satisfied: scikit-learn in .\.venv\Lib\site-packages (from sentence-transformers>=3.0.0->-r requirements.txt (line 13)) (1.8.0)
Requirement already satisfied: scipy in .\.venv\Lib\site-packages (from sentence-transformers>=3.0.0->-r requirements.txt (line 13)) (1.17.1)
Requirement already satisfied: tqdm in .\.venv\Lib\site-packages (from sentence-transformers>=3.0.0->-r requirements.txt (line 13)) (4.67.3)
Requirement already satisfied: packaging>=20.0 in .\.venv\Lib\site-packages (from transformers<6.0.0,>=4.41.0->sentence-transformers>=3.0.0->-r requirements.txt (line 13)) (26.0)
Requirement already satisfied: pyyaml>=5.1 in .\.venv\Lib\site-packages (from transformers<6.0.0,>=4.41.0->sentence-transformers>=3.0.0->-r requirements.txt (line 13)) (6.0.3)
Requirement already satisfied: regex!=2019.12.17 in .\.venv\Lib\site-packages (from transformers<6.0.0,>=4.41.0->sentence-transformers>=3.0.0->-r requirements.txt (line 13)) (2026.2.28)
Requirement already satisfied: tokenizers<=0.23.0,>=0.22.0 in .\.venv\Lib\site-packages (from transformers<6.0.0,>=4.41.0->sentence-transformers>=3.0.0->-r requirements.txt (line 13)) (0.22.2)
Requirement already satisfied: typer in .\.venv\Lib\site-packages (from transformers<6.0.0,>=4.41.0->sentence-transformers>=3.0.0->-r requirements.txt (line 13)) (0.24.1)
Requirement already satisfied: safetensors>=0.4.3 in .\.venv\Lib\site-packages (from transformers<6.0.0,>=4.41.0->sentence-transformers>=3.0.0->-r requirements.txt (line 13)) (0.7.0)
Requirement already satisfied: filelock>=3.10.0 in .\.venv\Lib\site-packages (from huggingface-hub>=0.20.0->sentence-transformers>=3.0.0->-r requirements.txt (line 13)) (3.25.2)
Requirement already satisfied: fsspec>=2023.5.0 in .\.venv\Lib\site-packages (from huggingface-hub>=0.20.0->sentence-transformers>=3.0.0->-r requirements.txt (line 13)) (2026.2.0)
Requirement already satisfied: hf-xet<2.0.0,>=1.4.2 in .\.venv\Lib\site-packages (from huggingface-hub>=0.20.0->sentence-transformers>=3.0.0->-r requirements.txt (line 13)) (1.4.2)
Requirement already satisfied: httpx<1,>=0.23.0 in .\.venv\Lib\site-packages (from huggingface-hub>=0.20.0->sentence-transformers>=3.0.0->-r requirements.txt (line 13)) (0.28.1)
Requirement already satisfied: anyio in .\.venv\Lib\site-packages (from httpx<1,>=0.23.0->huggingface-hub>=0.20.0->sentence-transformers>=3.0.0->-r requirements.txt (line 13)) (4.13.0)
Requirement already satisfied: httpcore==1.* in .\.venv\Lib\site-packages (from httpx<1,>=0.23.0->huggingface-hub>=0.20.0->sentence-transformers>=3.0.0->-r requirements.txt (line 13)) (1.0.9)
Requirement already satisfied: azure-core>=1.23.0 in .\.venv\Lib\site-packages (from azure-ai-formrecognizer>=3.3.3->-r requirements.txt (line 20)) (1.39.0)
Requirement already satisfied: msrest>=0.6.21 in .\.venv\Lib\site-packages (from azure-ai-formrecognizer>=3.3.3->-r requirements.txt (line 20)) (0.7.1)
Requirement already satisfied: azure-common>=1.1 in .\.venv\Lib\site-packages (from azure-ai-formrecognizer>=3.3.3->-r requirements.txt (line 20)) (1.1.28)
Requirement already satisfied: colorama in .\.venv\Lib\site-packages (from click>=7.0->uvicorn>=0.30.0->-r requirements.txt (line 7)) (0.4.6)
Requirement already satisfied: isodate>=0.6.0 in .\.venv\Lib\site-packages (from msrest>=0.6.21->azure-ai-formrecognizer>=3.3.3->-r requirements.txt (line 20)) (0.7.2)
Requirement already satisfied: requests-oauthlib>=0.5.0 in .\.venv\Lib\site-packages (from msrest>=0.6.21->azure-ai-formrecognizer>=3.3.3->-r requirements.txt (line 20)) (2.0.0)
Requirement already satisfied: oauthlib>=3.0.0 in .\.venv\Lib\site-packages (from requests-oauthlib>=0.5.0->msrest>=0.6.21->azure-ai-formrecognizer>=3.3.3->-r requirements.txt (line 20)) (3.3.1)
Requirement already satisfied: setuptools<82 in .\.venv\Lib\site-packages (from torch>=1.11.0->sentence-transformers>=3.0.0->-r requirements.txt (line 13)) (81.0.0)
Requirement already satisfied: sympy>=1.13.3 in .\.venv\Lib\site-packages (from torch>=1.11.0->sentence-transformers>=3.0.0->-r requirements.txt (line 13)) (1.14.0)
Requirement already satisfied: networkx>=2.5.1 in .\.venv\Lib\site-packages (from torch>=1.11.0->sentence-transformers>=3.0.0->-r requirements.txt (line 13)) (3.6.1)
Requirement already satisfied: jinja2 in .\.venv\Lib\site-packages (from torch>=1.11.0->sentence-transformers>=3.0.0->-r requirements.txt (line 13)) (3.1.6)
Requirement already satisfied: mpmath<1.4,>=1.1.0 in .\.venv\Lib\site-packages (from sympy>=1.13.3->torch>=1.11.0->sentence-transformers>=3.0.0->-r requirements.txt (line 13)) (1.3.0)
Requirement already satisfied: MarkupSafe>=2.0 in .\.venv\Lib\site-packages (from jinja2->torch>=1.11.0->sentence-transformers>=3.0.0->-r requirements.txt (line 13)) (3.0.3)
Requirement already satisfied: joblib>=1.3.0 in .\.venv\Lib\site-packages (from scikit-learn->sentence-transformers>=3.0.0->-r requirements.txt (line 13)) (1.5.3)
Requirement already satisfied: threadpoolctl>=3.2.0 in .\.venv\Lib\site-packages (from scikit-learn->sentence-transformers>=3.0.0->-r requirements.txt (line 13)) (3.6.0)
Requirement already satisfied: shellingham>=1.3.0 in .\.venv\Lib\site-packages (from typer->transformers<6.0.0,>=4.41.0->sentence-transformers>=3.0.0->-r requirements.txt (line 13)) (1.5.4)
Requirement already satisfied: rich>=12.3.0 in .\.venv\Lib\site-packages (from typer->transformers<6.0.0,>=4.41.0->sentence-transformers>=3.0.0->-r requirements.txt (line 13)) (14.3.3)
Requirement already satisfied: markdown-it-py>=2.2.0 in .\.venv\Lib\site-packages (from rich>=12.3.0->typer->transformers<6.0.0,>=4.41.0->sentence-transformers>=3.0.0->-r requirements.txt (line 13)) (4.0.0)
Requirement already satisfied: pygments<3.0.0,>=2.13.0 in .\.venv\Lib\site-packages (from rich>=12.3.0->typer->transformers<6.0.0,>=4.41.0->sentence-transformers>=3.0.0->-r requirements.txt (line 13)) (2.19.2)
Requirement already satisfied: mdurl~=0.1 in .\.venv\Lib\site-packages (from markdown-it-py>=2.2.0->rich>=12.3.0->typer->transformers<6.0.0,>=4.41.0->sentence-transformers>=3.0.0->-r requirements.txt (line 13)) (0.1.2)
Starting Q/A grading service on port 8001...
INFO:     Started server process [17880]
INFO:     Waiting for application startup.
INFO:     Application startup complete.
INFO:     Uvicorn running on http://0.0.0.0:8001 (Press CTRL+C to quit)
Installing Q/A grading Python dependencies...
Requirement already satisfied: pip in .\.venv\Lib\site-packages (26.0.1)
Requirement already satisfied: requests>=2.31.0 in .\.venv\Lib\site-packages (from -r requirements.txt (line 2)) (2.32.5)
Requirement already satisfied: python-dotenv>=1.0.1 in .\.venv\Lib\site-packages (from -r requirements.txt (line 3)) (1.2.2)
Requirement already satisfied: fastapi>=0.111.0 in .\.venv\Lib\site-packages (from -r requirements.txt (line 6)) (0.135.2)
Requirement already satisfied: uvicorn>=0.30.0 in .\.venv\Lib\site-packages (from -r requirements.txt (line 7)) (0.42.0)
Requirement already satisfied: pydantic>=2.0.0 in .\.venv\Lib\site-packages (from -r requirements.txt (line 8)) (2.12.5)
Requirement already satisfied: python-multipart>=0.0.6 in .\.venv\Lib\site-packages (from -r requirements.txt (line 9)) (0.0.22)
Requirement already satisfied: numpy>=1.26.0 in .\.venv\Lib\site-packages (from -r requirements.txt (line 12)) (2.4.3)
Requirement already satisfied: sentence-transformers>=3.0.0 in .\.venv\Lib\site-packages (from -r requirements.txt (line 13)) (5.3.0)
Requirement already satisfied: Pillow>=10.0.0 in .\.venv\Lib\site-packages (from -r requirements.txt (line 14)) (12.1.1)
Requirement already satisfied: PyMuPDF>=1.24.0 in .\.venv\Lib\site-packages (from -r requirements.txt (line 17)) (1.27.2.2)
Requirement already satisfied: azure-ai-formrecognizer>=3.3.3 in .\.venv\Lib\site-packages (from -r requirements.txt (line 20)) (3.3.3)
Requirement already satisfied: charset_normalizer<4,>=2 in .\.venv\Lib\site-packages (from requests>=2.31.0->-r requirements.txt (line 2)) (3.4.6)
Requirement already satisfied: idna<4,>=2.5 in .\.venv\Lib\site-packages (from requests>=2.31.0->-r requirements.txt (line 2)) (3.11)
Requirement already satisfied: urllib3<3,>=1.21.1 in .\.venv\Lib\site-packages (from requests>=2.31.0->-r requirements.txt (line 2)) (2.6.3)
Requirement already satisfied: certifi>=2017.4.17 in .\.venv\Lib\site-packages (from requests>=2.31.0->-r requirements.txt (line 2)) (2026.2.25)
Requirement already satisfied: starlette>=0.46.0 in .\.venv\Lib\site-packages (from fastapi>=0.111.0->-r requirements.txt (line 6)) (1.0.0)
Requirement already satisfied: typing-extensions>=4.8.0 in .\.venv\Lib\site-packages (from fastapi>=0.111.0->-r requirements.txt (line 6)) (4.15.0)
Requirement already satisfied: typing-inspection>=0.4.2 in .\.venv\Lib\site-packages (from fastapi>=0.111.0->-r requirements.txt (line 6)) (0.4.2)
Requirement already satisfied: annotated-doc>=0.0.2 in .\.venv\Lib\site-packages (from fastapi>=0.111.0->-r requirements.txt (line 6)) (0.0.4)
Requirement already satisfied: click>=7.0 in .\.venv\Lib\site-packages (from uvicorn>=0.30.0->-r requirements.txt (line 7)) (8.3.1)
Requirement already satisfied: h11>=0.8 in .\.venv\Lib\site-packages (from uvicorn>=0.30.0->-r requirements.txt (line 7)) (0.16.0)
Requirement already satisfied: annotated-types>=0.6.0 in .\.venv\Lib\site-packages (from pydantic>=2.0.0->-r requirements.txt (line 8)) (0.7.0)
Requirement already satisfied: pydantic-core==2.41.5 in .\.venv\Lib\site-packages (from pydantic>=2.0.0->-r requirements.txt (line 8)) (2.41.5)
Requirement already satisfied: transformers<6.0.0,>=4.41.0 in .\.venv\Lib\site-packages (from sentence-transformers>=3.0.0->-r requirements.txt (line 13)) (5.3.0)
Requirement already satisfied: huggingface-hub>=0.20.0 in .\.venv\Lib\site-packages (from sentence-transformers>=3.0.0->-r requirements.txt (line 13)) (1.7.2)
Requirement already satisfied: torch>=1.11.0 in .\.venv\Lib\site-packages (from sentence-transformers>=3.0.0->-r requirements.txt (line 13)) (2.11.0)
Requirement already satisfied: scikit-learn in .\.venv\Lib\site-packages (from sentence-transformers>=3.0.0->-r requirements.txt (line 13)) (1.8.0)
Requirement already satisfied: scipy in .\.venv\Lib\site-packages (from sentence-transformers>=3.0.0->-r requirements.txt (line 13)) (1.17.1)
Requirement already satisfied: tqdm in .\.venv\Lib\site-packages (from sentence-transformers>=3.0.0->-r requirements.txt (line 13)) (4.67.3)
Requirement already satisfied: packaging>=20.0 in .\.venv\Lib\site-packages (from transformers<6.0.0,>=4.41.0->sentence-transformers>=3.0.0->-r requirements.txt (line 13)) (26.0)
Requirement already satisfied: pyyaml>=5.1 in .\.venv\Lib\site-packages (from transformers<6.0.0,>=4.41.0->sentence-transformers>=3.0.0->-r requirements.txt (line 13)) (6.0.3)
Requirement already satisfied: regex!=2019.12.17 in .\.venv\Lib\site-packages (from transformers<6.0.0,>=4.41.0->sentence-transformers>=3.0.0->-r requirements.txt (line 13)) (2026.2.28)
Requirement already satisfied: tokenizers<=0.23.0,>=0.22.0 in .\.venv\Lib\site-packages (from transformers<6.0.0,>=4.41.0->sentence-transformers>=3.0.0->-r requirements.txt (line 13)) (0.22.2)
Requirement already satisfied: typer in .\.venv\Lib\site-packages (from transformers<6.0.0,>=4.41.0->sentence-transformers>=3.0.0->-r requirements.txt (line 13)) (0.24.1)
Requirement already satisfied: safetensors>=0.4.3 in .\.venv\Lib\site-packages (from transformers<6.0.0,>=4.41.0->sentence-transformers>=3.0.0->-r requirements.txt (line 13)) (0.7.0)
Requirement already satisfied: filelock>=3.10.0 in .\.venv\Lib\site-packages (from huggingface-hub>=0.20.0->sentence-transformers>=3.0.0->-r requirements.txt (line 13)) (3.25.2)
Requirement already satisfied: fsspec>=2023.5.0 in .\.venv\Lib\site-packages (from huggingface-hub>=0.20.0->sentence-transformers>=3.0.0->-r requirements.txt (line 13)) (2026.2.0)
Requirement already satisfied: hf-xet<2.0.0,>=1.4.2 in .\.venv\Lib\site-packages (from huggingface-hub>=0.20.0->sentence-transformers>=3.0.0->-r requirements.txt (line 13)) (1.4.2)
Requirement already satisfied: httpx<1,>=0.23.0 in .\.venv\Lib\site-packages (from huggingface-hub>=0.20.0->sentence-transformers>=3.0.0->-r requirements.txt (line 13)) (0.28.1)
Requirement already satisfied: anyio in .\.venv\Lib\site-packages (from httpx<1,>=0.23.0->huggingface-hub>=0.20.0->sentence-transformers>=3.0.0->-r requirements.txt (line 13)) (4.13.0)
Requirement already satisfied: httpcore==1.* in .\.venv\Lib\site-packages (from httpx<1,>=0.23.0->huggingface-hub>=0.20.0->sentence-transformers>=3.0.0->-r requirements.txt (line 13)) (1.0.9)
Requirement already satisfied: azure-core>=1.23.0 in .\.venv\Lib\site-packages (from azure-ai-formrecognizer>=3.3.3->-r requirements.txt (line 20)) (1.39.0)
Requirement already satisfied: msrest>=0.6.21 in .\.venv\Lib\site-packages (from azure-ai-formrecognizer>=3.3.3->-r requirements.txt (line 20)) (0.7.1)
Requirement already satisfied: azure-common>=1.1 in .\.venv\Lib\site-packages (from azure-ai-formrecognizer>=3.3.3->-r requirements.txt (line 20)) (1.1.28)
Requirement already satisfied: colorama in .\.venv\Lib\site-packages (from click>=7.0->uvicorn>=0.30.0->-r requirements.txt (line 7)) (0.4.6)
Requirement already satisfied: isodate>=0.6.0 in .\.venv\Lib\site-packages (from msrest>=0.6.21->azure-ai-formrecognizer>=3.3.3->-r requirements.txt (line 20)) (0.7.2)
Requirement already satisfied: requests-oauthlib>=0.5.0 in .\.venv\Lib\site-packages (from msrest>=0.6.21->azure-ai-formrecognizer>=3.3.3->-r requirements.txt (line 20)) (2.0.0)
Requirement already satisfied: oauthlib>=3.0.0 in .\.venv\Lib\site-packages (from requests-oauthlib>=0.5.0->msrest>=0.6.21->azure-ai-formrecognizer>=3.3.3->-r requirements.txt (line 20)) (3.3.1)
Requirement already satisfied: setuptools<82 in .\.venv\Lib\site-packages (from torch>=1.11.0->sentence-transformers>=3.0.0->-r requirements.txt (line 13)) (81.0.0)
Requirement already satisfied: sympy>=1.13.3 in .\.venv\Lib\site-packages (from torch>=1.11.0->sentence-transformers>=3.0.0->-r requirements.txt (line 13)) (1.14.0)
Requirement already satisfied: networkx>=2.5.1 in .\.venv\Lib\site-packages (from torch>=1.11.0->sentence-transformers>=3.0.0->-r requirements.txt (line 13)) (3.6.1)
Requirement already satisfied: jinja2 in .\.venv\Lib\site-packages (from torch>=1.11.0->sentence-transformers>=3.0.0->-r requirements.txt (line 13)) (3.1.6)
Requirement already satisfied: mpmath<1.4,>=1.1.0 in .\.venv\Lib\site-packages (from sympy>=1.13.3->torch>=1.11.0->sentence-transformers>=3.0.0->-r requirements.txt (line 13)) (1.3.0)
Requirement already satisfied: MarkupSafe>=2.0 in .\.venv\Lib\site-packages (from jinja2->torch>=1.11.0->sentence-transformers>=3.0.0->-r requirements.txt (line 13)) (3.0.3)
Requirement already satisfied: joblib>=1.3.0 in .\.venv\Lib\site-packages (from scikit-learn->sentence-transformers>=3.0.0->-r requirements.txt (line 13)) (1.5.3)
Requirement already satisfied: threadpoolctl>=3.2.0 in .\.venv\Lib\site-packages (from scikit-learn->sentence-transformers>=3.0.0->-r requirements.txt (line 13)) (3.6.0)
Requirement already satisfied: shellingham>=1.3.0 in .\.venv\Lib\site-packages (from typer->transformers<6.0.0,>=4.41.0->sentence-transformers>=3.0.0->-r requirements.txt (line 13)) (1.5.4)
Requirement already satisfied: rich>=12.3.0 in .\.venv\Lib\site-packages (from typer->transformers<6.0.0,>=4.41.0->sentence-transformers>=3.0.0->-r requirements.txt (line 13)) (14.3.3)
Requirement already satisfied: markdown-it-py>=2.2.0 in .\.venv\Lib\site-packages (from rich>=12.3.0->typer->transformers<6.0.0,>=4.41.0->sentence-transformers>=3.0.0->-r requirements.txt (line 13)) (4.0.0)
Requirement already satisfied: pygments<3.0.0,>=2.13.0 in .\.venv\Lib\site-packages (from rich>=12.3.0->typer->transformers<6.0.0,>=4.41.0->sentence-transformers>=3.0.0->-r requirements.txt (line 13)) (2.19.2)
Requirement already satisfied: mdurl~=0.1 in .\.venv\Lib\site-packages (from markdown-it-py>=2.2.0->rich>=12.3.0->typer->transformers<6.0.0,>=4.41.0->sentence-transformers>=3.0.0->-r requirements.txt (line 13)) (0.1.2)
Starting Q/A grading service on port 8001...
INFO:     Started server process [7628]
INFO:     Waiting for application startup.
INFO:     Application startup complete.
INFO:     Uvicorn running on http://0.0.0.0:8001 (Press CTRL+C to quit)
forrtl: error (200): program aborting due to window-CLOSE event
Image              PC                Routine            Line        Source             
KERNELBASE.dll     00007FFCED569DED  Unknown               Unknown  Unknown
KERNEL32.DLL       00007FFCEF0CE8D7  Unknown               Unknown  Unknown
ntdll.dll          00007FFCEFB8C48C  Unknown               Unknown  Unknown
Installing Q/A grading Python dependencies...
Requirement already satisfied: pip in .\.venv\Lib\site-packages (26.0.1)
Requirement already satisfied: requests>=2.31.0 in .\.venv\Lib\site-packages (from -r requirements.txt (line 2)) (2.32.5)
Requirement already satisfied: python-dotenv>=1.0.1 in .\.venv\Lib\site-packages (from -r requirements.txt (line 3)) (1.2.2)
Requirement already satisfied: fastapi>=0.111.0 in .\.venv\Lib\site-packages (from -r requirements.txt (line 6)) (0.135.2)
Requirement already satisfied: uvicorn>=0.30.0 in .\.venv\Lib\site-packages (from -r requirements.txt (line 7)) (0.42.0)
Requirement already satisfied: pydantic>=2.0.0 in .\.venv\Lib\site-packages (from -r requirements.txt (line 8)) (2.12.5)
Requirement already satisfied: python-multipart>=0.0.6 in .\.venv\Lib\site-packages (from -r requirements.txt (line 9)) (0.0.22)
Requirement already satisfied: numpy>=1.26.0 in .\.venv\Lib\site-packages (from -r requirements.txt (line 12)) (2.4.3)
Requirement already satisfied: sentence-transformers>=3.0.0 in .\.venv\Lib\site-packages (from -r requirements.txt (line 13)) (5.3.0)
Requirement already satisfied: Pillow>=10.0.0 in .\.venv\Lib\site-packages (from -r requirements.txt (line 14)) (12.1.1)
Requirement already satisfied: PyMuPDF>=1.24.0 in .\.venv\Lib\site-packages (from -r requirements.txt (line 17)) (1.27.2.2)
Requirement already satisfied: azure-ai-formrecognizer>=3.3.3 in .\.venv\Lib\site-packages (from -r requirements.txt (line 20)) (3.3.3)
Requirement already satisfied: charset_normalizer<4,>=2 in .\.venv\Lib\site-packages (from requests>=2.31.0->-r requirements.txt (line 2)) (3.4.6)
Requirement already satisfied: idna<4,>=2.5 in .\.venv\Lib\site-packages (from requests>=2.31.0->-r requirements.txt (line 2)) (3.11)
Requirement already satisfied: urllib3<3,>=1.21.1 in .\.venv\Lib\site-packages (from requests>=2.31.0->-r requirements.txt (line 2)) (2.6.3)
Requirement already satisfied: certifi>=2017.4.17 in .\.venv\Lib\site-packages (from requests>=2.31.0->-r requirements.txt (line 2)) (2026.2.25)
Requirement already satisfied: starlette>=0.46.0 in .\.venv\Lib\site-packages (from fastapi>=0.111.0->-r requirements.txt (line 6)) (1.0.0)
Requirement already satisfied: typing-extensions>=4.8.0 in .\.venv\Lib\site-packages (from fastapi>=0.111.0->-r requirements.txt (line 6)) (4.15.0)
Requirement already satisfied: typing-inspection>=0.4.2 in .\.venv\Lib\site-packages (from fastapi>=0.111.0->-r requirements.txt (line 6)) (0.4.2)
Requirement already satisfied: annotated-doc>=0.0.2 in .\.venv\Lib\site-packages (from fastapi>=0.111.0->-r requirements.txt (line 6)) (0.0.4)
Requirement already satisfied: click>=7.0 in .\.venv\Lib\site-packages (from uvicorn>=0.30.0->-r requirements.txt (line 7)) (8.3.1)
Requirement already satisfied: h11>=0.8 in .\.venv\Lib\site-packages (from uvicorn>=0.30.0->-r requirements.txt (line 7)) (0.16.0)
Requirement already satisfied: annotated-types>=0.6.0 in .\.venv\Lib\site-packages (from pydantic>=2.0.0->-r requirements.txt (line 8)) (0.7.0)
Requirement already satisfied: pydantic-core==2.41.5 in .\.venv\Lib\site-packages (from pydantic>=2.0.0->-r requirements.txt (line 8)) (2.41.5)
Requirement already satisfied: transformers<6.0.0,>=4.41.0 in .\.venv\Lib\site-packages (from sentence-transformers>=3.0.0->-r requirements.txt (line 13)) (5.3.0)
Requirement already satisfied: huggingface-hub>=0.20.0 in .\.venv\Lib\site-packages (from sentence-transformers>=3.0.0->-r requirements.txt (line 13)) (1.7.2)
Requirement already satisfied: torch>=1.11.0 in .\.venv\Lib\site-packages (from sentence-transformers>=3.0.0->-r requirements.txt (line 13)) (2.11.0)
Requirement already satisfied: scikit-learn in .\.venv\Lib\site-packages (from sentence-transformers>=3.0.0->-r requirements.txt (line 13)) (1.8.0)
Requirement already satisfied: scipy in .\.venv\Lib\site-packages (from sentence-transformers>=3.0.0->-r requirements.txt (line 13)) (1.17.1)
Requirement already satisfied: tqdm in .\.venv\Lib\site-packages (from sentence-transformers>=3.0.0->-r requirements.txt (line 13)) (4.67.3)
Requirement already satisfied: packaging>=20.0 in .\.venv\Lib\site-packages (from transformers<6.0.0,>=4.41.0->sentence-transformers>=3.0.0->-r requirements.txt (line 13)) (26.0)
Requirement already satisfied: pyyaml>=5.1 in .\.venv\Lib\site-packages (from transformers<6.0.0,>=4.41.0->sentence-transformers>=3.0.0->-r requirements.txt (line 13)) (6.0.3)
Requirement already satisfied: regex!=2019.12.17 in .\.venv\Lib\site-packages (from transformers<6.0.0,>=4.41.0->sentence-transformers>=3.0.0->-r requirements.txt (line 13)) (2026.2.28)
Requirement already satisfied: tokenizers<=0.23.0,>=0.22.0 in .\.venv\Lib\site-packages (from transformers<6.0.0,>=4.41.0->sentence-transformers>=3.0.0->-r requirements.txt (line 13)) (0.22.2)
Requirement already satisfied: typer in .\.venv\Lib\site-packages (from transformers<6.0.0,>=4.41.0->sentence-transformers>=3.0.0->-r requirements.txt (line 13)) (0.24.1)
Requirement already satisfied: safetensors>=0.4.3 in .\.venv\Lib\site-packages (from transformers<6.0.0,>=4.41.0->sentence-transformers>=3.0.0->-r requirements.txt (line 13)) (0.7.0)
Requirement already satisfied: filelock>=3.10.0 in .\.venv\Lib\site-packages (from huggingface-hub>=0.20.0->sentence-transformers>=3.0.0->-r requirements.txt (line 13)) (3.25.2)
Requirement already satisfied: fsspec>=2023.5.0 in .\.venv\Lib\site-packages (from huggingface-hub>=0.20.0->sentence-transformers>=3.0.0->-r requirements.txt (line 13)) (2026.2.0)
Requirement already satisfied: hf-xet<2.0.0,>=1.4.2 in .\.venv\Lib\site-packages (from huggingface-hub>=0.20.0->sentence-transformers>=3.0.0->-r requirements.txt (line 13)) (1.4.2)
Requirement already satisfied: httpx<1,>=0.23.0 in .\.venv\Lib\site-packages (from huggingface-hub>=0.20.0->sentence-transformers>=3.0.0->-r requirements.txt (line 13)) (0.28.1)
Requirement already satisfied: anyio in .\.venv\Lib\site-packages (from httpx<1,>=0.23.0->huggingface-hub>=0.20.0->sentence-transformers>=3.0.0->-r requirements.txt (line 13)) (4.13.0)
Requirement already satisfied: httpcore==1.* in .\.venv\Lib\site-packages (from httpx<1,>=0.23.0->huggingface-hub>=0.20.0->sentence-transformers>=3.0.0->-r requirements.txt (line 13)) (1.0.9)
Requirement already satisfied: azure-core>=1.23.0 in .\.venv\Lib\site-packages (from azure-ai-formrecognizer>=3.3.3->-r requirements.txt (line 20)) (1.39.0)
Requirement already satisfied: msrest>=0.6.21 in .\.venv\Lib\site-packages (from azure-ai-formrecognizer>=3.3.3->-r requirements.txt (line 20)) (0.7.1)
Requirement already satisfied: azure-common>=1.1 in .\.venv\Lib\site-packages (from azure-ai-formrecognizer>=3.3.3->-r requirements.txt (line 20)) (1.1.28)
Requirement already satisfied: colorama in .\.venv\Lib\site-packages (from click>=7.0->uvicorn>=0.30.0->-r requirements.txt (line 7)) (0.4.6)
Requirement already satisfied: isodate>=0.6.0 in .\.venv\Lib\site-packages (from msrest>=0.6.21->azure-ai-formrecognizer>=3.3.3->-r requirements.txt (line 20)) (0.7.2)
Requirement already satisfied: requests-oauthlib>=0.5.0 in .\.venv\Lib\site-packages (from msrest>=0.6.21->azure-ai-formrecognizer>=3.3.3->-r requirements.txt (line 20)) (2.0.0)
Requirement already satisfied: oauthlib>=3.0.0 in .\.venv\Lib\site-packages (from requests-oauthlib>=0.5.0->msrest>=0.6.21->azure-ai-formrecognizer>=3.3.3->-r requirements.txt (line 20)) (3.3.1)
Requirement already satisfied: setuptools<82 in .\.venv\Lib\site-packages (from torch>=1.11.0->sentence-transformers>=3.0.0->-r requirements.txt (line 13)) (81.0.0)
Requirement already satisfied: sympy>=1.13.3 in .\.venv\Lib\site-packages (from torch>=1.11.0->sentence-transformers>=3.0.0->-r requirements.txt (line 13)) (1.14.0)
Requirement already satisfied: networkx>=2.5.1 in .\.venv\Lib\site-packages (from torch>=1.11.0->sentence-transformers>=3.0.0->-r requirements.txt (line 13)) (3.6.1)
Requirement already satisfied: jinja2 in .\.venv\Lib\site-packages (from torch>=1.11.0->sentence-transformers>=3.0.0->-r requirements.txt (line 13)) (3.1.6)
Requirement already satisfied: mpmath<1.4,>=1.1.0 in .\.venv\Lib\site-packages (from sympy>=1.13.3->torch>=1.11.0->sentence-transformers>=3.0.0->-r requirements.txt (line 13)) (1.3.0)
Requirement already satisfied: MarkupSafe>=2.0 in .\.venv\Lib\site-packages (from jinja2->torch>=1.11.0->sentence-transformers>=3.0.0->-r requirements.txt (line 13)) (3.0.3)
Requirement already satisfied: joblib>=1.3.0 in .\.venv\Lib\site-packages (from scikit-learn->sentence-transformers>=3.0.0->-r requirements.txt (line 13)) (1.5.3)
Requirement already satisfied: threadpoolctl>=3.2.0 in .\.venv\Lib\site-packages (from scikit-learn->sentence-transformers>=3.0.0->-r requirements.txt (line 13)) (3.6.0)
Requirement already satisfied: shellingham>=1.3.0 in .\.venv\Lib\site-packages (from typer->transformers<6.0.0,>=4.41.0->sentence-transformers>=3.0.0->-r requirements.txt (line 13)) (1.5.4)
Requirement already satisfied: rich>=12.3.0 in .\.venv\Lib\site-packages (from typer->transformers<6.0.0,>=4.41.0->sentence-transformers>=3.0.0->-r requirements.txt (line 13)) (14.3.3)
Requirement already satisfied: markdown-it-py>=2.2.0 in .\.venv\Lib\site-packages (from rich>=12.3.0->typer->transformers<6.0.0,>=4.41.0->sentence-transformers>=3.0.0->-r requirements.txt (line 13)) (4.0.0)
Requirement already satisfied: pygments<3.0.0,>=2.13.0 in .\.venv\Lib\site-packages (from rich>=12.3.0->typer->transformers<6.0.0,>=4.41.0->sentence-transformers>=3.0.0->-r requirements.txt (line 13)) (2.19.2)
Requirement already satisfied: mdurl~=0.1 in .\.venv\Lib\site-packages (from markdown-it-py>=2.2.0->rich>=12.3.0->typer->transformers<6.0.0,>=4.41.0->sentence-transformers>=3.0.0->-r requirements.txt (line 13)) (0.1.2)
Installing Q/A grading Python dependencies...
Requirement already satisfied: pip in .\.venv\Lib\site-packages (26.0.1)
Requirement already satisfied: requests>=2.31.0 in .\.venv\Lib\site-packages (from -r requirements.txt (line 2)) (2.32.5)
Requirement already satisfied: python-dotenv>=1.0.1 in .\.venv\Lib\site-packages (from -r requirements.txt (line 3)) (1.2.2)
Requirement already satisfied: fastapi>=0.111.0 in .\.venv\Lib\site-packages (from -r requirements.txt (line 6)) (0.135.2)
Requirement already satisfied: uvicorn>=0.30.0 in .\.venv\Lib\site-packages (from -r requirements.txt (line 7)) (0.42.0)
Requirement already satisfied: pydantic>=2.0.0 in .\.venv\Lib\site-packages (from -r requirements.txt (line 8)) (2.12.5)
Requirement already satisfied: python-multipart>=0.0.6 in .\.venv\Lib\site-packages (from -r requirements.txt (line 9)) (0.0.22)
Requirement already satisfied: numpy>=1.26.0 in .\.venv\Lib\site-packages (from -r requirements.txt (line 12)) (2.4.3)
Requirement already satisfied: sentence-transformers>=3.0.0 in .\.venv\Lib\site-packages (from -r requirements.txt (line 13)) (5.3.0)
Requirement already satisfied: Pillow>=10.0.0 in .\.venv\Lib\site-packages (from -r requirements.txt (line 14)) (12.1.1)
Requirement already satisfied: PyMuPDF>=1.24.0 in .\.venv\Lib\site-packages (from -r requirements.txt (line 17)) (1.27.2.2)
Requirement already satisfied: azure-ai-formrecognizer>=3.3.3 in .\.venv\Lib\site-packages (from -r requirements.txt (line 20)) (3.3.3)
Requirement already satisfied: charset_normalizer<4,>=2 in .\.venv\Lib\site-packages (from requests>=2.31.0->-r requirements.txt (line 2)) (3.4.6)
Requirement already satisfied: idna<4,>=2.5 in .\.venv\Lib\site-packages (from requests>=2.31.0->-r requirements.txt (line 2)) (3.11)
Requirement already satisfied: urllib3<3,>=1.21.1 in .\.venv\Lib\site-packages (from requests>=2.31.0->-r requirements.txt (line 2)) (2.6.3)
Requirement already satisfied: certifi>=2017.4.17 in .\.venv\Lib\site-packages (from requests>=2.31.0->-r requirements.txt (line 2)) (2026.2.25)
Requirement already satisfied: starlette>=0.46.0 in .\.venv\Lib\site-packages (from fastapi>=0.111.0->-r requirements.txt (line 6)) (1.0.0)
Requirement already satisfied: typing-extensions>=4.8.0 in .\.venv\Lib\site-packages (from fastapi>=0.111.0->-r requirements.txt (line 6)) (4.15.0)
Requirement already satisfied: typing-inspection>=0.4.2 in .\.venv\Lib\site-packages (from fastapi>=0.111.0->-r requirements.txt (line 6)) (0.4.2)
Requirement already satisfied: annotated-doc>=0.0.2 in .\.venv\Lib\site-packages (from fastapi>=0.111.0->-r requirements.txt (line 6)) (0.0.4)
Requirement already satisfied: click>=7.0 in .\.venv\Lib\site-packages (from uvicorn>=0.30.0->-r requirements.txt (line 7)) (8.3.1)
Requirement already satisfied: h11>=0.8 in .\.venv\Lib\site-packages (from uvicorn>=0.30.0->-r requirements.txt (line 7)) (0.16.0)
Requirement already satisfied: annotated-types>=0.6.0 in .\.venv\Lib\site-packages (from pydantic>=2.0.0->-r requirements.txt (line 8)) (0.7.0)
Requirement already satisfied: pydantic-core==2.41.5 in .\.venv\Lib\site-packages (from pydantic>=2.0.0->-r requirements.txt (line 8)) (2.41.5)
Requirement already satisfied: transformers<6.0.0,>=4.41.0 in .\.venv\Lib\site-packages (from sentence-transformers>=3.0.0->-r requirements.txt (line 13)) (5.3.0)
Requirement already satisfied: huggingface-hub>=0.20.0 in .\.venv\Lib\site-packages (from sentence-transformers>=3.0.0->-r requirements.txt (line 13)) (1.7.2)
Requirement already satisfied: torch>=1.11.0 in .\.venv\Lib\site-packages (from sentence-transformers>=3.0.0->-r requirements.txt (line 13)) (2.11.0)
Requirement already satisfied: scikit-learn in .\.venv\Lib\site-packages (from sentence-transformers>=3.0.0->-r requirements.txt (line 13)) (1.8.0)
Requirement already satisfied: scipy in .\.venv\Lib\site-packages (from sentence-transformers>=3.0.0->-r requirements.txt (line 13)) (1.17.1)
Requirement already satisfied: tqdm in .\.venv\Lib\site-packages (from sentence-transformers>=3.0.0->-r requirements.txt (line 13)) (4.67.3)
Requirement already satisfied: packaging>=20.0 in .\.venv\Lib\site-packages (from transformers<6.0.0,>=4.41.0->sentence-transformers>=3.0.0->-r requirements.txt (line 13)) (26.0)
Requirement already satisfied: pyyaml>=5.1 in .\.venv\Lib\site-packages (from transformers<6.0.0,>=4.41.0->sentence-transformers>=3.0.0->-r requirements.txt (line 13)) (6.0.3)
Requirement already satisfied: regex!=2019.12.17 in .\.venv\Lib\site-packages (from transformers<6.0.0,>=4.41.0->sentence-transformers>=3.0.0->-r requirements.txt (line 13)) (2026.2.28)
Requirement already satisfied: tokenizers<=0.23.0,>=0.22.0 in .\.venv\Lib\site-packages (from transformers<6.0.0,>=4.41.0->sentence-transformers>=3.0.0->-r requirements.txt (line 13)) (0.22.2)
Requirement already satisfied: typer in .\.venv\Lib\site-packages (from transformers<6.0.0,>=4.41.0->sentence-transformers>=3.0.0->-r requirements.txt (line 13)) (0.24.1)
Requirement already satisfied: safetensors>=0.4.3 in .\.venv\Lib\site-packages (from transformers<6.0.0,>=4.41.0->sentence-transformers>=3.0.0->-r requirements.txt (line 13)) (0.7.0)
Requirement already satisfied: filelock>=3.10.0 in .\.venv\Lib\site-packages (from huggingface-hub>=0.20.0->sentence-transformers>=3.0.0->-r requirements.txt (line 13)) (3.25.2)
Requirement already satisfied: fsspec>=2023.5.0 in .\.venv\Lib\site-packages (from huggingface-hub>=0.20.0->sentence-transformers>=3.0.0->-r requirements.txt (line 13)) (2026.2.0)
Requirement already satisfied: hf-xet<2.0.0,>=1.4.2 in .\.venv\Lib\site-packages (from huggingface-hub>=0.20.0->sentence-transformers>=3.0.0->-r requirements.txt (line 13)) (1.4.2)
Requirement already satisfied: httpx<1,>=0.23.0 in .\.venv\Lib\site-packages (from huggingface-hub>=0.20.0->sentence-transformers>=3.0.0->-r requirements.txt (line 13)) (0.28.1)
Requirement already satisfied: anyio in .\.venv\Lib\site-packages (from httpx<1,>=0.23.0->huggingface-hub>=0.20.0->sentence-transformers>=3.0.0->-r requirements.txt (line 13)) (4.13.0)
Requirement already satisfied: httpcore==1.* in .\.venv\Lib\site-packages (from httpx<1,>=0.23.0->huggingface-hub>=0.20.0->sentence-transformers>=3.0.0->-r requirements.txt (line 13)) (1.0.9)
Requirement already satisfied: azure-core>=1.23.0 in .\.venv\Lib\site-packages (from azure-ai-formrecognizer>=3.3.3->-r requirements.txt (line 20)) (1.39.0)
Requirement already satisfied: msrest>=0.6.21 in .\.venv\Lib\site-packages (from azure-ai-formrecognizer>=3.3.3->-r requirements.txt (line 20)) (0.7.1)
Requirement already satisfied: azure-common>=1.1 in .\.venv\Lib\site-packages (from azure-ai-formrecognizer>=3.3.3->-r requirements.txt (line 20)) (1.1.28)
Requirement already satisfied: colorama in .\.venv\Lib\site-packages (from click>=7.0->uvicorn>=0.30.0->-r requirements.txt (line 7)) (0.4.6)
Requirement already satisfied: isodate>=0.6.0 in .\.venv\Lib\site-packages (from msrest>=0.6.21->azure-ai-formrecognizer>=3.3.3->-r requirements.txt (line 20)) (0.7.2)
Requirement already satisfied: requests-oauthlib>=0.5.0 in .\.venv\Lib\site-packages (from msrest>=0.6.21->azure-ai-formrecognizer>=3.3.3->-r requirements.txt (line 20)) (2.0.0)
Requirement already satisfied: oauthlib>=3.0.0 in .\.venv\Lib\site-packages (from requests-oauthlib>=0.5.0->msrest>=0.6.21->azure-ai-formrecognizer>=3.3.3->-r requirements.txt (line 20)) (3.3.1)
Requirement already satisfied: setuptools<82 in .\.venv\Lib\site-packages (from torch>=1.11.0->sentence-transformers>=3.0.0->-r requirements.txt (line 13)) (81.0.0)
Requirement already satisfied: sympy>=1.13.3 in .\.venv\Lib\site-packages (from torch>=1.11.0->sentence-transformers>=3.0.0->-r requirements.txt (line 13)) (1.14.0)
Requirement already satisfied: networkx>=2.5.1 in .\.venv\Lib\site-packages (from torch>=1.11.0->sentence-transformers>=3.0.0->-r requirements.txt (line 13)) (3.6.1)
Requirement already satisfied: jinja2 in .\.venv\Lib\site-packages (from torch>=1.11.0->sentence-transformers>=3.0.0->-r requirements.txt (line 13)) (3.1.6)
Requirement already satisfied: mpmath<1.4,>=1.1.0 in .\.venv\Lib\site-packages (from sympy>=1.13.3->torch>=1.11.0->sentence-transformers>=3.0.0->-r requirements.txt (line 13)) (1.3.0)
Requirement already satisfied: MarkupSafe>=2.0 in .\.venv\Lib\site-packages (from jinja2->torch>=1.11.0->sentence-transformers>=3.0.0->-r requirements.txt (line 13)) (3.0.3)
Requirement already satisfied: joblib>=1.3.0 in .\.venv\Lib\site-packages (from scikit-learn->sentence-transformers>=3.0.0->-r requirements.txt (line 13)) (1.5.3)
Requirement already satisfied: threadpoolctl>=3.2.0 in .\.venv\Lib\site-packages (from scikit-learn->sentence-transformers>=3.0.0->-r requirements.txt (line 13)) (3.6.0)
Requirement already satisfied: shellingham>=1.3.0 in .\.venv\Lib\site-packages (from typer->transformers<6.0.0,>=4.41.0->sentence-transformers>=3.0.0->-r requirements.txt (line 13)) (1.5.4)
Requirement already satisfied: rich>=12.3.0 in .\.venv\Lib\site-packages (from typer->transformers<6.0.0,>=4.41.0->sentence-transformers>=3.0.0->-r requirements.txt (line 13)) (14.3.3)
Requirement already satisfied: markdown-it-py>=2.2.0 in .\.venv\Lib\site-packages (from rich>=12.3.0->typer->transformers<6.0.0,>=4.41.0->sentence-transformers>=3.0.0->-r requirements.txt (line 13)) (4.0.0)
Requirement already satisfied: pygments<3.0.0,>=2.13.0 in .\.venv\Lib\site-packages (from rich>=12.3.0->typer->transformers<6.0.0,>=4.41.0->sentence-transformers>=3.0.0->-r requirements.txt (line 13)) (2.19.2)
Requirement already satisfied: mdurl~=0.1 in .\.venv\Lib\site-packages (from markdown-it-py>=2.2.0->rich>=12.3.0->typer->transformers<6.0.0,>=4.41.0->sentence-transformers>=3.0.0->-r requirements.txt (line 13)) (0.1.2)
Starting Q/A grading service on port 8001...
INFO:     Started server process [15476]
INFO:     Waiting for application startup.
INFO:     Application startup complete.
INFO:     Uvicorn running on http://0.0.0.0:8001 (Press CTRL+C to quit)
forrtl: error (200): program aborting due to window-CLOSE event
Image              PC                Routine            Line        Source             
KERNELBASE.dll     00007FFCED569DED  Unknown               Unknown  Unknown
KERNEL32.DLL       00007FFCEF0CE8D7  Unknown               Unknown  Unknown
ntdll.dll          00007FFCEFB8C48C  Unknown               Unknown  Unknown
Installing Q/A grading Python dependencies...
Requirement already satisfied: pip in .\.venv\Lib\site-packages (26.0.1)
Requirement already satisfied: requests>=2.31.0 in .\.venv\Lib\site-packages (from -r requirements.txt (line 2)) (2.32.5)
Requirement already satisfied: python-dotenv>=1.0.1 in .\.venv\Lib\site-packages (from -r requirements.txt (line 3)) (1.2.2)
Requirement already satisfied: fastapi>=0.111.0 in .\.venv\Lib\site-packages (from -r requirements.txt (line 6)) (0.135.2)
Requirement already satisfied: uvicorn>=0.30.0 in .\.venv\Lib\site-packages (from -r requirements.txt (line 7)) (0.42.0)
Requirement already satisfied: pydantic>=2.0.0 in .\.venv\Lib\site-packages (from -r requirements.txt (line 8)) (2.12.5)
Requirement already satisfied: python-multipart>=0.0.6 in .\.venv\Lib\site-packages (from -r requirements.txt (line 9)) (0.0.22)
Requirement already satisfied: numpy>=1.26.0 in .\.venv\Lib\site-packages (from -r requirements.txt (line 12)) (2.4.3)
Requirement already satisfied: sentence-transformers>=3.0.0 in .\.venv\Lib\site-packages (from -r requirements.txt (line 13)) (5.3.0)
Requirement already satisfied: Pillow>=10.0.0 in .\.venv\Lib\site-packages (from -r requirements.txt (line 14)) (12.1.1)
Requirement already satisfied: PyMuPDF>=1.24.0 in .\.venv\Lib\site-packages (from -r requirements.txt (line 17)) (1.27.2.2)
Requirement already satisfied: azure-ai-formrecognizer>=3.3.3 in .\.venv\Lib\site-packages (from -r requirements.txt (line 20)) (3.3.3)
Requirement already satisfied: charset_normalizer<4,>=2 in .\.venv\Lib\site-packages (from requests>=2.31.0->-r requirements.txt (line 2)) (3.4.6)
Requirement already satisfied: idna<4,>=2.5 in .\.venv\Lib\site-packages (from requests>=2.31.0->-r requirements.txt (line 2)) (3.11)
Requirement already satisfied: urllib3<3,>=1.21.1 in .\.venv\Lib\site-packages (from requests>=2.31.0->-r requirements.txt (line 2)) (2.6.3)
Requirement already satisfied: certifi>=2017.4.17 in .\.venv\Lib\site-packages (from requests>=2.31.0->-r requirements.txt (line 2)) (2026.2.25)
Requirement already satisfied: starlette>=0.46.0 in .\.venv\Lib\site-packages (from fastapi>=0.111.0->-r requirements.txt (line 6)) (1.0.0)
Requirement already satisfied: typing-extensions>=4.8.0 in .\.venv\Lib\site-packages (from fastapi>=0.111.0->-r requirements.txt (line 6)) (4.15.0)
Requirement already satisfied: typing-inspection>=0.4.2 in .\.venv\Lib\site-packages (from fastapi>=0.111.0->-r requirements.txt (line 6)) (0.4.2)
Requirement already satisfied: annotated-doc>=0.0.2 in .\.venv\Lib\site-packages (from fastapi>=0.111.0->-r requirements.txt (line 6)) (0.0.4)
Requirement already satisfied: click>=7.0 in .\.venv\Lib\site-packages (from uvicorn>=0.30.0->-r requirements.txt (line 7)) (8.3.1)
Requirement already satisfied: h11>=0.8 in .\.venv\Lib\site-packages (from uvicorn>=0.30.0->-r requirements.txt (line 7)) (0.16.0)
Requirement already satisfied: annotated-types>=0.6.0 in .\.venv\Lib\site-packages (from pydantic>=2.0.0->-r requirements.txt (line 8)) (0.7.0)
Requirement already satisfied: pydantic-core==2.41.5 in .\.venv\Lib\site-packages (from pydantic>=2.0.0->-r requirements.txt (line 8)) (2.41.5)
Requirement already satisfied: transformers<6.0.0,>=4.41.0 in .\.venv\Lib\site-packages (from sentence-transformers>=3.0.0->-r requirements.txt (line 13)) (5.3.0)
Requirement already satisfied: huggingface-hub>=0.20.0 in .\.venv\Lib\site-packages (from sentence-transformers>=3.0.0->-r requirements.txt (line 13)) (1.7.2)
Requirement already satisfied: torch>=1.11.0 in .\.venv\Lib\site-packages (from sentence-transformers>=3.0.0->-r requirements.txt (line 13)) (2.11.0)
Requirement already satisfied: scikit-learn in .\.venv\Lib\site-packages (from sentence-transformers>=3.0.0->-r requirements.txt (line 13)) (1.8.0)
Requirement already satisfied: scipy in .\.venv\Lib\site-packages (from sentence-transformers>=3.0.0->-r requirements.txt (line 13)) (1.17.1)
Requirement already satisfied: tqdm in .\.venv\Lib\site-packages (from sentence-transformers>=3.0.0->-r requirements.txt (line 13)) (4.67.3)
Requirement already satisfied: packaging>=20.0 in .\.venv\Lib\site-packages (from transformers<6.0.0,>=4.41.0->sentence-transformers>=3.0.0->-r requirements.txt (line 13)) (26.0)
Requirement already satisfied: pyyaml>=5.1 in .\.venv\Lib\site-packages (from transformers<6.0.0,>=4.41.0->sentence-transformers>=3.0.0->-r requirements.txt (line 13)) (6.0.3)
Requirement already satisfied: regex!=2019.12.17 in .\.venv\Lib\site-packages (from transformers<6.0.0,>=4.41.0->sentence-transformers>=3.0.0->-r requirements.txt (line 13)) (2026.2.28)
Requirement already satisfied: tokenizers<=0.23.0,>=0.22.0 in .\.venv\Lib\site-packages (from transformers<6.0.0,>=4.41.0->sentence-transformers>=3.0.0->-r requirements.txt (line 13)) (0.22.2)
Requirement already satisfied: typer in .\.venv\Lib\site-packages (from transformers<6.0.0,>=4.41.0->sentence-transformers>=3.0.0->-r requirements.txt (line 13)) (0.24.1)
Requirement already satisfied: safetensors>=0.4.3 in .\.venv\Lib\site-packages (from transformers<6.0.0,>=4.41.0->sentence-transformers>=3.0.0->-r requirements.txt (line 13)) (0.7.0)
Requirement already satisfied: filelock>=3.10.0 in .\.venv\Lib\site-packages (from huggingface-hub>=0.20.0->sentence-transformers>=3.0.0->-r requirements.txt (line 13)) (3.25.2)
Requirement already satisfied: fsspec>=2023.5.0 in .\.venv\Lib\site-packages (from huggingface-hub>=0.20.0->sentence-transformers>=3.0.0->-r requirements.txt (line 13)) (2026.2.0)
Requirement already satisfied: hf-xet<2.0.0,>=1.4.2 in .\.venv\Lib\site-packages (from huggingface-hub>=0.20.0->sentence-transformers>=3.0.0->-r requirements.txt (line 13)) (1.4.2)
Requirement already satisfied: httpx<1,>=0.23.0 in .\.venv\Lib\site-packages (from huggingface-hub>=0.20.0->sentence-transformers>=3.0.0->-r requirements.txt (line 13)) (0.28.1)
Requirement already satisfied: anyio in .\.venv\Lib\site-packages (from httpx<1,>=0.23.0->huggingface-hub>=0.20.0->sentence-transformers>=3.0.0->-r requirements.txt (line 13)) (4.13.0)
Requirement already satisfied: httpcore==1.* in .\.venv\Lib\site-packages (from httpx<1,>=0.23.0->huggingface-hub>=0.20.0->sentence-transformers>=3.0.0->-r requirements.txt (line 13)) (1.0.9)
Requirement already satisfied: azure-core>=1.23.0 in .\.venv\Lib\site-packages (from azure-ai-formrecognizer>=3.3.3->-r requirements.txt (line 20)) (1.39.0)
Requirement already satisfied: msrest>=0.6.21 in .\.venv\Lib\site-packages (from azure-ai-formrecognizer>=3.3.3->-r requirements.txt (line 20)) (0.7.1)
Requirement already satisfied: azure-common>=1.1 in .\.venv\Lib\site-packages (from azure-ai-formrecognizer>=3.3.3->-r requirements.txt (line 20)) (1.1.28)
Requirement already satisfied: colorama in .\.venv\Lib\site-packages (from click>=7.0->uvicorn>=0.30.0->-r requirements.txt (line 7)) (0.4.6)
Requirement already satisfied: isodate>=0.6.0 in .\.venv\Lib\site-packages (from msrest>=0.6.21->azure-ai-formrecognizer>=3.3.3->-r requirements.txt (line 20)) (0.7.2)
Requirement already satisfied: requests-oauthlib>=0.5.0 in .\.venv\Lib\site-packages (from msrest>=0.6.21->azure-ai-formrecognizer>=3.3.3->-r requirements.txt (line 20)) (2.0.0)
Requirement already satisfied: oauthlib>=3.0.0 in .\.venv\Lib\site-packages (from requests-oauthlib>=0.5.0->msrest>=0.6.21->azure-ai-formrecognizer>=3.3.3->-r requirements.txt (line 20)) (3.3.1)
Requirement already satisfied: setuptools<82 in .\.venv\Lib\site-packages (from torch>=1.11.0->sentence-transformers>=3.0.0->-r requirements.txt (line 13)) (81.0.0)
Requirement already satisfied: sympy>=1.13.3 in .\.venv\Lib\site-packages (from torch>=1.11.0->sentence-transformers>=3.0.0->-r requirements.txt (line 13)) (1.14.0)
Requirement already satisfied: networkx>=2.5.1 in .\.venv\Lib\site-packages (from torch>=1.11.0->sentence-transformers>=3.0.0->-r requirements.txt (line 13)) (3.6.1)
Requirement already satisfied: jinja2 in .\.venv\Lib\site-packages (from torch>=1.11.0->sentence-transformers>=3.0.0->-r requirements.txt (line 13)) (3.1.6)
Requirement already satisfied: mpmath<1.4,>=1.1.0 in .\.venv\Lib\site-packages (from sympy>=1.13.3->torch>=1.11.0->sentence-transformers>=3.0.0->-r requirements.txt (line 13)) (1.3.0)
Requirement already satisfied: MarkupSafe>=2.0 in .\.venv\Lib\site-packages (from jinja2->torch>=1.11.0->sentence-transformers>=3.0.0->-r requirements.txt (line 13)) (3.0.3)
Requirement already satisfied: joblib>=1.3.0 in .\.venv\Lib\site-packages (from scikit-learn->sentence-transformers>=3.0.0->-r requirements.txt (line 13)) (1.5.3)
Requirement already satisfied: threadpoolctl>=3.2.0 in .\.venv\Lib\site-packages (from scikit-learn->sentence-transformers>=3.0.0->-r requirements.txt (line 13)) (3.6.0)
Requirement already satisfied: shellingham>=1.3.0 in .\.venv\Lib\site-packages (from typer->transformers<6.0.0,>=4.41.0->sentence-transformers>=3.0.0->-r requirements.txt (line 13)) (1.5.4)
Requirement already satisfied: rich>=12.3.0 in .\.venv\Lib\site-packages (from typer->transformers<6.0.0,>=4.41.0->sentence-transformers>=3.0.0->-r requirements.txt (line 13)) (14.3.3)
Requirement already satisfied: markdown-it-py>=2.2.0 in .\.venv\Lib\site-packages (from rich>=12.3.0->typer->transformers<6.0.0,>=4.41.0->sentence-transformers>=3.0.0->-r requirements.txt (line 13)) (4.0.0)
Requirement already satisfied: pygments<3.0.0,>=2.13.0 in .\.venv\Lib\site-packages (from rich>=12.3.0->typer->transformers<6.0.0,>=4.41.0->sentence-transformers>=3.0.0->-r requirements.txt (line 13)) (2.19.2)
Requirement already satisfied: mdurl~=0.1 in .\.venv\Lib\site-packages (from markdown-it-py>=2.2.0->rich>=12.3.0->typer->transformers<6.0.0,>=4.41.0->sentence-transformers>=3.0.0->-r requirements.txt (line 13)) (0.1.2)
Starting Q/A grading service on port 8001...
forrtl: error (200): program aborting due to window-CLOSE event
Image              PC                Routine            Line        Source             
KERNELBASE.dll     00007FFCED569DED  Unknown               Unknown  Unknown
KERNEL32.DLL       00007FFCEF0CE8D7  Unknown               Unknown  Unknown
ntdll.dll          00007FFCEFB8C48C  Unknown               Unknown  Unknown
